
--- Frame 0 ---
Traceback (most recent call last):
  File "/Users/qtzx/Desktop/codebase/gclear/bot.py", line 1275, in run
    self.update()
  File "/Users/qtzx/Desktop/codebase/gclear/bot.py", line 1142, in update
    new_state = self.compute_state(
                ^^^^^^^^^^^^^^^^^^^
  File "/Users/qtzx/Desktop/codebase/gclear/bot.py", line 405, in compute_state
    dist_to_camp = self.distance_to_camp(mm_pos, target_camp) if mm_pos else 999
                                                                 ^^^^^^
NameError: name 'mm_pos' is not defined

--- Frame 0 ---
Traceback (most recent call last):
  File "/Users/qtzx/Desktop/codebase/gclear/bot.py", line 1275, in run
    self.update()
  File "/Users/qtzx/Desktop/codebase/gclear/bot.py", line 1142, in update
    new_state = self.compute_state(
                ^^^^^^^^^^^^^^^^^^^
  File "/Users/qtzx/Desktop/codebase/gclear/bot.py", line 405, in compute_state
    dist_to_camp = self.distance_to_camp(mm_pos, target_camp) if mm_pos else 999
                                                                 ^^^^^^
NameError: name 'mm_pos' is not defined

--- Frame 0 ---
Traceback (most recent call last):
  File "/Users/qtzx/Desktop/codebase/gclear/bot.py", line 1275, in run
    self.update()
  File "/Users/qtzx/Desktop/codebase/gclear/bot.py", line 1142, in update
    new_state = self.compute_state(
                ^^^^^^^^^^^^^^^^^^^
  File "/Users/qtzx/Desktop/codebase/gclear/bot.py", line 405, in compute_state
    dist_to_camp = self.distance_to_camp(mm_pos, target_camp) if mm_pos else 999
                                                                 ^^^^^^
NameError: name 'mm_pos' is not defined

--- Frame 0 ---
Traceback (most recent call last):
  File "/Users/qtzx/Desktop/codebase/gclear/bot.py", line 1275, in run
    self.update()
  File "/Users/qtzx/Desktop/codebase/gclear/bot.py", line 1142, in update
    new_state = self.compute_state(
                ^^^^^^^^^^^^^^^^^^^
  File "/Users/qtzx/Desktop/codebase/gclear/bot.py", line 405, in compute_state
    dist_to_camp = self.distance_to_camp(mm_pos, target_camp) if mm_pos else 999
                                                                 ^^^^^^
NameError: name 'mm_pos' is not defined

--- Frame 0 ---
Traceback (most recent call last):
  File "/Users/qtzx/Desktop/codebase/gclear/bot.py", line 1275, in run
    self.update()
  File "/Users/qtzx/Desktop/codebase/gclear/bot.py", line 1142, in update
    new_state = self.compute_state(
                ^^^^^^^^^^^^^^^^^^^
  File "/Users/qtzx/Desktop/codebase/gclear/bot.py", line 405, in compute_state
    dist_to_camp = self.distance_to_camp(mm_pos, target_camp) if mm_pos else 999
                                                                 ^^^^^^
NameError: name 'mm_pos' is not defined

--- Frame 0 ---
Traceback (most recent call last):
  File "/Users/qtzx/Desktop/codebase/gclear/bot.py", line 1275, in run
    self.update()
  File "/Users/qtzx/Desktop/codebase/gclear/bot.py", line 1142, in update
    new_state = self.compute_state(
                ^^^^^^^^^^^^^^^^^^^
  File "/Users/qtzx/Desktop/codebase/gclear/bot.py", line 405, in compute_state
    dist_to_camp = self.distance_to_camp(mm_pos, target_camp) if mm_pos else 999
                                                                 ^^^^^^
NameError: name 'mm_pos' is not defined

--- Frame 0 ---
Traceback (most recent call last):
  File "/Users/qtzx/Desktop/codebase/gclear/bot.py", line 1275, in run
    self.update()
  File "/Users/qtzx/Desktop/codebase/gclear/bot.py", line 1142, in update
    new_state = self.compute_state(
                ^^^^^^^^^^^^^^^^^^^
  File "/Users/qtzx/Desktop/codebase/gclear/bot.py", line 405, in compute_state
    dist_to_camp = self.distance_to_camp(mm_pos, target_camp) if mm_pos else 999
                                                                 ^^^^^^
NameError: name 'mm_pos' is not defined

--- Frame 0 ---
Traceback (most recent call last):
  File "/Users/qtzx/Desktop/codebase/gclear/bot.py", line 1275, in run
    self.update()
  File "/Users/qtzx/Desktop/codebase/gclear/bot.py", line 1142, in update
    new_state = self.compute_state(
                ^^^^^^^^^^^^^^^^^^^
  File "/Users/qtzx/Desktop/codebase/gclear/bot.py", line 405, in compute_state
    dist_to_camp = self.distance_to_camp(mm_pos, target_camp) if mm_pos else 999
                                                                 ^^^^^^
NameError: name 'mm_pos' is not defined

--- Frame 0 ---
Traceback (most recent call last):
  File "/Users/qtzx/Desktop/codebase/gclear/bot.py", line 1275, in run
    self.update()
  File "/Users/qtzx/Desktop/codebase/gclear/bot.py", line 1142, in update
    new_state = self.compute_state(
                ^^^^^^^^^^^^^^^^^^^
  File "/Users/qtzx/Desktop/codebase/gclear/bot.py", line 405, in compute_state
    dist_to_camp = self.distance_to_camp(mm_pos, target_camp) if mm_pos else 999
                                                                 ^^^^^^
NameError: name 'mm_pos' is not defined

--- Frame 0 ---
Traceback (most recent call last):
  File "/Users/qtzx/Desktop/codebase/gclear/bot.py", line 1275, in run
    self.update()
  File "/Users/qtzx/Desktop/codebase/gclear/bot.py", line 1142, in update
    new_state = self.compute_state(
                ^^^^^^^^^^^^^^^^^^^
  File "/Users/qtzx/Desktop/codebase/gclear/bot.py", line 405, in compute_state
    dist_to_camp = self.distance_to_camp(mm_pos, target_camp) if mm_pos else 999
                                                                 ^^^^^^
NameError: name 'mm_pos' is not defined

--- Frame 0 ---
Traceback (most recent call last):
  File "/Users/qtzx/Desktop/codebase/gclear/bot.py", line 1275, in run
    self.update()
  File "/Users/qtzx/Desktop/codebase/gclear/bot.py", line 1142, in update
    new_state = self.compute_state(
                ^^^^^^^^^^^^^^^^^^^
  File "/Users/qtzx/Desktop/codebase/gclear/bot.py", line 405, in compute_state
    dist_to_camp = self.distance_to_camp(mm_pos, target_camp) if mm_pos else 999
                                                                 ^^^^^^
NameError: name 'mm_pos' is not defined

--- Frame 0 ---
Traceback (most recent call last):
  File "/Users/qtzx/Desktop/codebase/gclear/bot.py", line 1275, in run
    self.update()
  File "/Users/qtzx/Desktop/codebase/gclear/bot.py", line 1142, in update
    new_state = self.compute_state(
                ^^^^^^^^^^^^^^^^^^^
  File "/Users/qtzx/Desktop/codebase/gclear/bot.py", line 405, in compute_state
    dist_to_camp = self.distance_to_camp(mm_pos, target_camp) if mm_pos else 999
                                                                 ^^^^^^
NameError: name 'mm_pos' is not defined

--- Frame 0 ---
Traceback (most recent call last):
  File "/Users/qtzx/Desktop/codebase/gclear/bot.py", line 1275, in run
    self.update()
  File "/Users/qtzx/Desktop/codebase/gclear/bot.py", line 1142, in update
    new_state = self.compute_state(
                ^^^^^^^^^^^^^^^^^^^
  File "/Users/qtzx/Desktop/codebase/gclear/bot.py", line 405, in compute_state
    dist_to_camp = self.distance_to_camp(mm_pos, target_camp) if mm_pos else 999
                                                                 ^^^^^^
NameError: name 'mm_pos' is not defined

--- Frame 0 ---
Traceback (most recent call last):
  File "/Users/qtzx/Desktop/codebase/gclear/bot.py", line 1275, in run
    self.update()
  File "/Users/qtzx/Desktop/codebase/gclear/bot.py", line 1142, in update
    new_state = self.compute_state(
                ^^^^^^^^^^^^^^^^^^^
  File "/Users/qtzx/Desktop/codebase/gclear/bot.py", line 405, in compute_state
    dist_to_camp = self.distance_to_camp(mm_pos, target_camp) if mm_pos else 999
                                                                 ^^^^^^
NameError: name 'mm_pos' is not defined

--- Frame 0 ---
Traceback (most recent call last):
  File "/Users/qtzx/Desktop/codebase/gclear/bot.py", line 1275, in run
    self.update()
  File "/Users/qtzx/Desktop/codebase/gclear/bot.py", line 1142, in update
    new_state = self.compute_state(
                ^^^^^^^^^^^^^^^^^^^
  File "/Users/qtzx/Desktop/codebase/gclear/bot.py", line 405, in compute_state
    dist_to_camp = self.distance_to_camp(mm_pos, target_camp) if mm_pos else 999
                                                                 ^^^^^^
NameError: name 'mm_pos' is not defined

--- Frame 0 ---
Traceback (most recent call last):
  File "/Users/qtzx/Desktop/codebase/gclear/bot.py", line 1275, in run
    self.update()
  File "/Users/qtzx/Desktop/codebase/gclear/bot.py", line 1142, in update
    new_state = self.compute_state(
                ^^^^^^^^^^^^^^^^^^^
  File "/Users/qtzx/Desktop/codebase/gclear/bot.py", line 405, in compute_state
    dist_to_camp = self.distance_to_camp(mm_pos, target_camp) if mm_pos else 999
                                                                 ^^^^^^
NameError: name 'mm_pos' is not defined

--- Frame 0 ---
Traceback (most recent call last):
  File "/Users/qtzx/Desktop/codebase/gclear/bot.py", line 1275, in run
    self.update()
  File "/Users/qtzx/Desktop/codebase/gclear/bot.py", line 1142, in update
    new_state = self.compute_state(
                ^^^^^^^^^^^^^^^^^^^
  File "/Users/qtzx/Desktop/codebase/gclear/bot.py", line 405, in compute_state
    dist_to_camp = self.distance_to_camp(mm_pos, target_camp) if mm_pos else 999
                                                                 ^^^^^^
NameError: name 'mm_pos' is not defined

--- Frame 0 ---
Traceback (most recent call last):
  File "/Users/qtzx/Desktop/codebase/gclear/bot.py", line 1275, in run
    self.update()
  File "/Users/qtzx/Desktop/codebase/gclear/bot.py", line 1142, in update
    new_state = self.compute_state(
                ^^^^^^^^^^^^^^^^^^^
  File "/Users/qtzx/Desktop/codebase/gclear/bot.py", line 405, in compute_state
    dist_to_camp = self.distance_to_camp(mm_pos, target_camp) if mm_pos else 999
                                                                 ^^^^^^
NameError: name 'mm_pos' is not defined

--- Frame 0 ---
Traceback (most recent call last):
  File "/Users/qtzx/Desktop/codebase/gclear/bot.py", line 1275, in run
    self.update()
  File "/Users/qtzx/Desktop/codebase/gclear/bot.py", line 1142, in update
    new_state = self.compute_state(
                ^^^^^^^^^^^^^^^^^^^
  File "/Users/qtzx/Desktop/codebase/gclear/bot.py", line 405, in compute_state
    dist_to_camp = self.distance_to_camp(mm_pos, target_camp) if mm_pos else 999
                                                                 ^^^^^^
NameError: name 'mm_pos' is not defined

--- Frame 0 ---
Traceback (most recent call last):
  File "/Users/qtzx/Desktop/codebase/gclear/bot.py", line 1275, in run
    self.update()
  File "/Users/qtzx/Desktop/codebase/gclear/bot.py", line 1142, in update
    new_state = self.compute_state(
                ^^^^^^^^^^^^^^^^^^^
  File "/Users/qtzx/Desktop/codebase/gclear/bot.py", line 405, in compute_state
    dist_to_camp = self.distance_to_camp(mm_pos, target_camp) if mm_pos else 999
                                                                 ^^^^^^
NameError: name 'mm_pos' is not defined

--- Frame 0 ---
Traceback (most recent call last):
  File "/Users/qtzx/Desktop/codebase/gclear/bot.py", line 1275, in run
    self.update()
  File "/Users/qtzx/Desktop/codebase/gclear/bot.py", line 1142, in update
    new_state = self.compute_state(
                ^^^^^^^^^^^^^^^^^^^
  File "/Users/qtzx/Desktop/codebase/gclear/bot.py", line 405, in compute_state
    dist_to_camp = self.distance_to_camp(mm_pos, target_camp) if mm_pos else 999
                                                                 ^^^^^^
NameError: name 'mm_pos' is not defined

--- Frame 0 ---
Traceback (most recent call last):
  File "/Users/qtzx/Desktop/codebase/gclear/bot.py", line 1275, in run
    self.update()
  File "/Users/qtzx/Desktop/codebase/gclear/bot.py", line 1142, in update
    new_state = self.compute_state(
                ^^^^^^^^^^^^^^^^^^^
  File "/Users/qtzx/Desktop/codebase/gclear/bot.py", line 405, in compute_state
    dist_to_camp = self.distance_to_camp(mm_pos, target_camp) if mm_pos else 999
                                                                 ^^^^^^
NameError: name 'mm_pos' is not defined

--- Frame 0 ---
Traceback (most recent call last):
  File "/Users/qtzx/Desktop/codebase/gclear/bot.py", line 1275, in run
    self.update()
  File "/Users/qtzx/Desktop/codebase/gclear/bot.py", line 1142, in update
    new_state = self.compute_state(
                ^^^^^^^^^^^^^^^^^^^
  File "/Users/qtzx/Desktop/codebase/gclear/bot.py", line 405, in compute_state
    dist_to_camp = self.distance_to_camp(mm_pos, target_camp) if mm_pos else 999
                                                                 ^^^^^^
NameError: name 'mm_pos' is not defined

--- Frame 0 ---
Traceback (most recent call last):
  File "/Users/qtzx/Desktop/codebase/gclear/bot.py", line 1275, in run
    self.update()
  File "/Users/qtzx/Desktop/codebase/gclear/bot.py", line 1142, in update
    new_state = self.compute_state(
                ^^^^^^^^^^^^^^^^^^^
  File "/Users/qtzx/Desktop/codebase/gclear/bot.py", line 405, in compute_state
    dist_to_camp = self.distance_to_camp(mm_pos, target_camp) if mm_pos else 999
                                                                 ^^^^^^
NameError: name 'mm_pos' is not defined

--- Frame 0 ---
Traceback (most recent call last):
  File "/Users/qtzx/Desktop/codebase/gclear/bot.py", line 1275, in run
    self.update()
  File "/Users/qtzx/Desktop/codebase/gclear/bot.py", line 1142, in update
    new_state = self.compute_state(
                ^^^^^^^^^^^^^^^^^^^
  File "/Users/qtzx/Desktop/codebase/gclear/bot.py", line 405, in compute_state
    dist_to_camp = self.distance_to_camp(mm_pos, target_camp) if mm_pos else 999
                                                                 ^^^^^^
NameError: name 'mm_pos' is not defined

--- Frame 0 ---
Traceback (most recent call last):
  File "/Users/qtzx/Desktop/codebase/gclear/bot.py", line 1275, in run
    self.update()
  File "/Users/qtzx/Desktop/codebase/gclear/bot.py", line 1142, in update
    new_state = self.compute_state(
                ^^^^^^^^^^^^^^^^^^^
  File "/Users/qtzx/Desktop/codebase/gclear/bot.py", line 405, in compute_state
    dist_to_camp = self.distance_to_camp(mm_pos, target_camp) if mm_pos else 999
                                                                 ^^^^^^
NameError: name 'mm_pos' is not defined

--- Frame 0 ---
Traceback (most recent call last):
  File "/Users/qtzx/Desktop/codebase/gclear/bot.py", line 1275, in run
    self.update()
  File "/Users/qtzx/Desktop/codebase/gclear/bot.py", line 1142, in update
    new_state = self.compute_state(
                ^^^^^^^^^^^^^^^^^^^
  File "/Users/qtzx/Desktop/codebase/gclear/bot.py", line 405, in compute_state
    dist_to_camp = self.distance_to_camp(mm_pos, target_camp) if mm_pos else 999
                                                                 ^^^^^^
NameError: name 'mm_pos' is not defined

--- Frame 0 ---
Traceback (most recent call last):
  File "/Users/qtzx/Desktop/codebase/gclear/bot.py", line 1275, in run
    self.update()
  File "/Users/qtzx/Desktop/codebase/gclear/bot.py", line 1142, in update
    new_state = self.compute_state(
                ^^^^^^^^^^^^^^^^^^^
  File "/Users/qtzx/Desktop/codebase/gclear/bot.py", line 405, in compute_state
    dist_to_camp = self.distance_to_camp(mm_pos, target_camp) if mm_pos else 999
                                                                 ^^^^^^
NameError: name 'mm_pos' is not defined

--- Frame 0 ---
Traceback (most recent call last):
  File "/Users/qtzx/Desktop/codebase/gclear/bot.py", line 1275, in run
    self.update()
  File "/Users/qtzx/Desktop/codebase/gclear/bot.py", line 1142, in update
    new_state = self.compute_state(
                ^^^^^^^^^^^^^^^^^^^
  File "/Users/qtzx/Desktop/codebase/gclear/bot.py", line 405, in compute_state
    dist_to_camp = self.distance_to_camp(mm_pos, target_camp) if mm_pos else 999
                                                                 ^^^^^^
NameError: name 'mm_pos' is not defined

--- Frame 0 ---
Traceback (most recent call last):
  File "/Users/qtzx/Desktop/codebase/gclear/bot.py", line 1275, in run
    self.update()
  File "/Users/qtzx/Desktop/codebase/gclear/bot.py", line 1142, in update
    new_state = self.compute_state(
                ^^^^^^^^^^^^^^^^^^^
  File "/Users/qtzx/Desktop/codebase/gclear/bot.py", line 405, in compute_state
    dist_to_camp = self.distance_to_camp(mm_pos, target_camp) if mm_pos else 999
                                                                 ^^^^^^
NameError: name 'mm_pos' is not defined

--- Frame 0 ---
Traceback (most recent call last):
  File "/Users/qtzx/Desktop/codebase/gclear/bot.py", line 1275, in run
    self.update()
  File "/Users/qtzx/Desktop/codebase/gclear/bot.py", line 1142, in update
    new_state = self.compute_state(
                ^^^^^^^^^^^^^^^^^^^
  File "/Users/qtzx/Desktop/codebase/gclear/bot.py", line 405, in compute_state
    dist_to_camp = self.distance_to_camp(mm_pos, target_camp) if mm_pos else 999
                                                                 ^^^^^^
NameError: name 'mm_pos' is not defined

--- Frame 0 ---
Traceback (most recent call last):
  File "/Users/qtzx/Desktop/codebase/gclear/bot.py", line 1275, in run
    self.update()
  File "/Users/qtzx/Desktop/codebase/gclear/bot.py", line 1142, in update
    new_state = self.compute_state(
                ^^^^^^^^^^^^^^^^^^^
  File "/Users/qtzx/Desktop/codebase/gclear/bot.py", line 405, in compute_state
    dist_to_camp = self.distance_to_camp(mm_pos, target_camp) if mm_pos else 999
                                                                 ^^^^^^
NameError: name 'mm_pos' is not defined

--- Frame 0 ---
Traceback (most recent call last):
  File "/Users/qtzx/Desktop/codebase/gclear/bot.py", line 1275, in run
    self.update()
  File "/Users/qtzx/Desktop/codebase/gclear/bot.py", line 1142, in update
    new_state = self.compute_state(
                ^^^^^^^^^^^^^^^^^^^
  File "/Users/qtzx/Desktop/codebase/gclear/bot.py", line 405, in compute_state
    dist_to_camp = self.distance_to_camp(mm_pos, target_camp) if mm_pos else 999
                                                                 ^^^^^^
NameError: name 'mm_pos' is not defined

--- Frame 0 ---
Traceback (most recent call last):
  File "/Users/qtzx/Desktop/codebase/gclear/bot.py", line 1275, in run
    self.update()
  File "/Users/qtzx/Desktop/codebase/gclear/bot.py", line 1142, in update
    new_state = self.compute_state(
                ^^^^^^^^^^^^^^^^^^^
  File "/Users/qtzx/Desktop/codebase/gclear/bot.py", line 405, in compute_state
    dist_to_camp = self.distance_to_camp(mm_pos, target_camp) if mm_pos else 999
                                                                 ^^^^^^
NameError: name 'mm_pos' is not defined

--- Frame 0 ---
Traceback (most recent call last):
  File "/Users/qtzx/Desktop/codebase/gclear/bot.py", line 1275, in run
    self.update()
  File "/Users/qtzx/Desktop/codebase/gclear/bot.py", line 1142, in update
    new_state = self.compute_state(
                ^^^^^^^^^^^^^^^^^^^
  File "/Users/qtzx/Desktop/codebase/gclear/bot.py", line 405, in compute_state
    dist_to_camp = self.distance_to_camp(mm_pos, target_camp) if mm_pos else 999
                                                                 ^^^^^^
NameError: name 'mm_pos' is not defined

--- Frame 0 ---
Traceback (most recent call last):
  File "/Users/qtzx/Desktop/codebase/gclear/bot.py", line 1275, in run
    self.update()
  File "/Users/qtzx/Desktop/codebase/gclear/bot.py", line 1142, in update
    new_state = self.compute_state(
                ^^^^^^^^^^^^^^^^^^^
  File "/Users/qtzx/Desktop/codebase/gclear/bot.py", line 405, in compute_state
    dist_to_camp = self.distance_to_camp(mm_pos, target_camp) if mm_pos else 999
                                                                 ^^^^^^
NameError: name 'mm_pos' is not defined
